Determining if the pthread_create exist failed with the following output:
Change Dir: /cs/usr/doronbruder/CLionProjects/os_ex3/cmake-build-debug/CMakeFiles/CMakeTmp

Run Build Command(s):/usr/bin/make cmTC_eb89f/fast 
/usr/bin/make -f CMakeFiles/cmTC_eb89f.dir/build.make CMakeFiles/cmTC_eb89f.dir/build
make[1]: Entering directory '/cs/usr/doronbruder/CLionProjects/os_ex3/cmake-build-debug/CMakeFiles/CMakeTmp'
Building C object CMakeFiles/cmTC_eb89f.dir/CheckSymbolExists.c.o
/usr/bin/cc    -o CMakeFiles/cmTC_eb89f.dir/CheckSymbolExists.c.o   -c /cs/usr/doronbruder/CLionProjects/os_ex3/cmake-build-debug/CMakeFiles/CMakeTmp/CheckSymbolExists.c
Linking C executable cmTC_eb89f
/usr/local/APP/jetbrains/clion/2019.2.1/bin/cmake/linux/bin/cmake -E cmake_link_script CMakeFiles/cmTC_eb89f.dir/link.txt --verbose=1
/usr/bin/cc      -rdynamic CMakeFiles/cmTC_eb89f.dir/CheckSymbolExists.c.o  -o cmTC_eb89f 
/usr/bin/ld: CMakeFiles/cmTC_eb89f.dir/CheckSymbolExists.c.o: in function `main':
CheckSymbolExists.c:(.text+0x1b): undefined reference to `pthread_create'
collect2: error: ld returned 1 exit status
make[1]: *** [CMakeFiles/cmTC_eb89f.dir/build.make:87: cmTC_eb89f] Error 1
make[1]: Leaving directory '/cs/usr/doronbruder/CLionProjects/os_ex3/cmake-build-debug/CMakeFiles/CMakeTmp'
make: *** [Makefile:121: cmTC_eb89f/fast] Error 2

File /cs/usr/doronbruder/CLionProjects/os_ex3/cmake-build-debug/CMakeFiles/CMakeTmp/CheckSymbolExists.c:
/* */
#include <pthread.h>

int main(int argc, char** argv)
{
  (void)argv;
#ifndef pthread_create
  return ((int*)(&pthread_create))[argc];
#else
  (void)argc;
  return 0;
#endif
}

